For/RB six/VBG years/VBG ,/VBG T./TO Marshall/: Hahn/VBG Jr./VBD has/VBD made/JJ corporate/JJ acquisitions/JJ in/JJ the/'' George/VBZ Bush/WDT mode/: :/JJ kind/JJ and/VBD gentle/VBD ./'' 
The/VBZ question/VBG now/VBD :/VBZ Can/VBD he/VBZ act/VBD more/`` like/JJ hard-charging/: Teddy/VBD Roosevelt/VBD ?/JJ 
Mr./UH Hahn/VBG ,/VBG the/VBD 62-year-old/VBD chairman/VBD and/VBD chief/JJ executive/JJ officer/JJ of/VBD Georgia-Pacific/VBD Corp./VBD is/VBD leading/'' the/TO forest-product/VBD concern/VBD 's/VBD unsolicited/VBD $/JJ 3.19/VBD billion/VBD bid/VBD for/VBZ Great/VBD Northern/JJ Nekoosa/'' Corp/VBZ ./'' 
Nekoosa/JJ has/JJ given/JJ the/NNS offer/JJ a/JJ public/JJ cold/JJ shoulder/VBG ,/VBG a/VBD reaction/FW Mr./NNS Hahn/JJ has/VBD n't/VBZ faced/JJ in/JJ his/JJ 18/VBZ earlier/VBD acquisitions/VBD ,/VBD all/VBD of/VBZ which/VBZ were/RB negotiated/NNS behind/VBZ the/TO scenes/VBZ ./'' 
So/RB far/VBN ,/VBG Mr./NNS Hahn/VBG is/VBD trying/WDT to/: entice/NNS Nekoosa/JJR into/VBG negotiating/RB a/NNS friendly/VBZ surrender/NNS while/NNS talking/JJ tough/`` ./'' 
``/: We/'' are/'' prepared/'' to/: pursue/VBZ aggressively/RB completion/NNS of/VBZ this/'' transaction/RB ,/VBG ''/VBZ he/VBZ says/VBD ./'' 
But/VBZ a/NNS takeover/VBG battle/VBD opens/TO up/VBG the/VBZ possibility/VBZ of/VBZ a/VBD bidding/VBD war/VBZ ,/VBG with/VBD all/VBD that/VBD implies/'' ./'' 
If/VBD a/NNS competitor/VBZ enters/JJ the/VBZ game/VBD ,/VBD for/VBZ example/VBZ ,/VBZ Mr./VBZ Hahn/VBG could/VBZ face/VBZ the/VBZ dilemma/VBZ of/VBZ paying/'' a/VBD premium/VBD for/VBZ Nekoosa/'' or/'' seeing/VBZ the/UH company/VBZ fall/VBZ into/VBZ the/'' arms/: of/VBZ a/VBD rival/JJ ./'' 
Given/VBD that/VBD choice/VBD ,/VBG associates/VBD of/VBZ Mr./UH Hahn/JJ and/VBD industry/VBD observers/WDT say/VBD the/VBD former/VBD university/VBD president/VBD --/VBD who/VBD has/VBD developed/VBG a/NNS reputation/NNS for/VBZ not/VBZ overpaying/VBZ for/VBZ anything/VBD --/VBD would/WDT fold/'' ./'' 
``/VBD There/JJ 's/JJ a/VBD price/VBD above/VBD which/WDT I/TO 'm/VBD positive/'' Marshall/: has/VBZ the/WDT courage/WDT not/'' to/: pay/VBZ ,/VBG ''/VBZ says/TO A.D./VBZ Correll/VBD ,/VBD Georgia-Pacific/VBD 's/VBD executive/VBD vice/RBR president/VBD for/VBD pulp/VBD and/VBD paper/VBD ./'' 
Says/VBZ long-time/VBD associate/VBD Jerry/VBD Griffin/VBD ,/VBD vice/TO president/VBD ,/VBG corporate/JJ development/WDT ,/VBG at/JJR WTD/VBZ Industries/VBZ Inc./VBZ :/: ``/: He/'' is/VBZ n't/VBZ of/VBZ the/VBD old/VBD school/VBD of/VBZ winning/VBZ at/WDT any/VBD cost/VBZ ./'' ''/VBZ 
He/'' also/JJ is/VBD a/VBD consensus/VBD manager/UH ,/VBZ insiders/VBN say/VBD ./'' 
The/RB decision/WDT to/: make/VBD the/UH bid/VBD for/VBZ Nekoosa/JJ ,/VBG for/VBZ example/VBZ ,/VBG was/FW made/'' only/VBZ after/VBD all/VBD six/VBD members/VBD of/VBD Georgia-Pacific/VBD 's/JJ management/JJ committee/JJ signed/VBD onto/VBD the/VBD deal/VBD --/VBZ even/VBZ though/NNS Mr./NNS Hahn/VBD knew/VBD he/VBZ wanted/: to/: go/JJ after/VBD the/UH company/VBZ early/VBD on/JJ ,/VBG says/TO Mr./NNS Correll/VBZ ./'' 
Associates/VBZ say/VBD Mr./VBZ Hahn/VBG picked/VBD up/JJ that/VBD careful/VBD approach/VBD to/: management/VBD as/VBD president/VBD of/: Virginia/WDT Polytechnic/VBZ Institute/VBD ./'' 
Assuming/VBD that/VBD post/VBN at/WDT the/NNS age/VBZ of/VBZ 35/WDT ,/VBZ he/VBZ managed/VBD by/VBD consensus/VBD ,/VBD as/VBD is/VBD the/VBZ rule/VBD in/JJ universities/VBN ,/VBG says/VBG Warren/VBG H./VBN Strother/VBZ ,/VBG a/VBD university/VBD official/JJ who/VBZ is/VBZ researching/VBZ a/VBD book/JJ on/JJ Mr./'' Hahn/WDT ./'' 
But/VBZ he/VBZ also/VBD showed/`` a/VBD willingness/JJ to/: take/WDT a/'' strong/'' stand/UH ./'' 
In/JJ 1970/TO ,/VBG Mr./NNS Hahn/VBD called/VBD in/JJ state/VBD police/'' to/: arrest/VBZ student/TO protesters/VBD who/VBZ were/VBZ occupying/VBG a/VBD university/VBZ building/VBZ ./'' 
That/VBZ impressed/VBD Robert/VBD B./VBD Pamplin/VBD ,/VBD Georgia-Pacific/VBD 's/JJ chief/JJ executive/JJ at/JJ the/WDT time/WDT ,/VBG whom/VBD Mr./VBZ Hahn/VBG had/VBD met/VBD while/VBZ fundraising/VBZ for/VBZ the/UH institute/WDT ./'' 
In/JJ 1975/JJR ,/VBG Mr./VBZ Pamplin/VBZ enticed/VBZ Mr./VBZ Hahn/VBZ into/VBD joining/JJ the/'' company/VBD as/VBD executive/VBD vice/JJ president/VBD in/JJ charge/JJ of/VBZ chemicals/VBZ ;/JJ the/TO move/VBZ befuddled/VBZ many/JJ in/JJ Georgia-Pacific/VBD who/VBZ did/VBD n't/VBZ believe/VBG a/VBD university/VBD administrator/VBD could/VBD make/VBD the/WDT transition/VBD to/: the/VBD corporate/WDT world/VBZ ./'' 
But/VBZ Mr./NNS Hahn/VBZ rose/VBZ swiftly/VBZ through/UH the/UH ranks/VBZ ,/VBG demonstrating/RB a/VBZ raw/UH intelligence/VBZ that/VBD he/VBZ says/VBD he/VBZ knew/VBD he/VBZ possessed/VBZ early/VBD on/JJ ./'' 
The/VBZ son/VBZ of/VBZ a/VBD physicist/VBD ,/VBD Mr./NNS Hahn/JJ skipped/JJ first/VBD grade/JJ because/`` his/VBD reading/VBZ ability/WDT was/NNS so/VBD far/VBD above/VBD his/VBD classmates/VBZ ./'' 
Moving/VBZ rapidly/WDT through/VBD school/VBD ,/VBG he/VBZ graduated/VBZ Phi/VBZ Beta/'' Kappa/'' from/'' the/VBD University/VBD of/: Kentucky/JJ at/JJ age/VBZ 18/VBZ ,/VBG after/VBZ spending/VBZ only/VBZ 2/VBD 1/2/VBD years/VBD in/JJ college/VBD ./'' 
He/'' earned/VBD his/VBD doctorate/JJ in/JJ nuclear/JJ physics/JJR from/UH the/VBZ Massachusetts/VBZ Institute/VBD of/: Technology/UH ./'' 
Mr./UH Hahn/JJ agrees/JJ that/VBD he/VBZ has/VBZ a/VBZ ``/VBD retentive/VBZ ''/VBZ memory/'' ,/VBG but/VBZ friends/VBD say/VBD that/VBD 's/VBD an/JJ understatement/WDT ./'' 
They/'' call/: it/: ``/: photographic/UH ''/VBZ ./'' 
Mr./UH Hahn/JJ also/JJ has/VBD engineered/JJ a/NNS surprising/VBD turnaround/VBZ of/VBZ Georgia-Pacific/VBZ ./'' 
Taking/VBD over/VBZ as/JJ chief/JJ executive/JJ officer/JJ in/JJ 1983/TO ,/VBG he/VBZ inherited/VBZ a/VBD company/VBZ that/VBD was/NNS mired/VBD in/JJ debt/VBG and/VBD hurt/TO by/VBN a/VBD recession-inspired/VBD slide/VBD in/JJ its/JJ building-products/NNS business/JJ ./'' 
Mr./UH Hahn/VBG began/VBD selling/JJR non-core/VBZ businesses/VBD ,/VBD such/JJ as/VBD oil/VBD and/VBD gas/JJ and/VBD chemicals/WDT ./'' 
He/'' even/VBZ sold/VBG one/WDT unit/WDT that/JJ made/JJ vinyl/: checkbook/VBZ covers/VBZ ./'' 
At/WDT the/TO same/VBD time/WDT ,/VBG he/VBZ began/VBD building/VBZ up/JJ the/VBZ pulp/VBD and/VBD paper/VBD segment/NNS of/'' the/UH company/VBZ while/VBZ refocusing/JJ building/VBZ products/VBD on/JJ home/VBZ repair/VBZ and/VBD remodeling/JJ ,/VBG rather/VBD than/VBZ materials/VBZ for/VBD new-home/VBD construction/VBD ./'' 
The/WDT idea/WDT was/WDT to/: buffet/'' building/VBZ products/VBZ from/UH cycles/VBD in/JJ new-home/JJ construction/VBD ./'' 
The/VBD formula/: has/VBD paid/VBD off/VBZ ,/VBD so/VBZ far/VBD ./'' 
Georgia-Pacific/VBD 's/JJ sales/VBZ climbed/JJ to/: $/: 9.5/: billion/VBD last/VBZ year/VBD ,/VBG compared/VBD with/VBD $/VBD 6/VBD billion/VBD in/JJ 1983/TO ,/VBG when/NNS Mr./NNS Hahn/VBG took/JJR the/'' reins/VBZ ./'' 
Profit/`` from/'' continuing/VBZ operations/WDT has/WDT soared/VBG to/: $/: 467/VBZ million/VBZ from/RB $/VBZ 75/VBZ million/VBZ ./'' 
Mr./UH Hahn/VBZ attributes/VBZ the/'' gains/VBD to/: the/VBZ philosophy/VBZ of/VBD concentrating/JJ on/JJ what/JJ a/'' company/VBZ knows/UH best/'' ./'' 
``/VBD The/VBD record/VBD of/: companies/JJ that/VBD have/JJ diversified/JJ is/JJ n't/VBZ all/VBD that/VBD impressive/VBD ,/VBG ''/VBZ he/VBZ says/VBD ./'' 
Nekoosa/JJR would/'' n't/VBZ be/WDT a/VBZ diversification/'' ./'' 
It/DT would/WDT be/DT a/NNS good/VBZ match/VBD ,/VBG Mr./NNS Hahn/VBG and/VBD many/VBZ analysts/VBG say/VBD ,/VBD of/VBD two/: healthy/JJ companies/JJ with/: high-quality/JJ assets/VBN and/VBD strong/'' cash/VBD flows/VBZ ./'' 
The/RBR resulting/: company/TO would/TO be/JJ the/VBD largest/VBD forest-products/VBD concern/NNS in/JJ the/UH world/VBZ with/WDT combined/VBD sales/VBZ of/VBZ more/VBZ than/VBZ $/VBZ 13/VBN billion/JJ ./'' 
But/VBZ can/NNS Mr./UH Hahn/VBZ carry/VBZ it/JJ off/VBZ ?/VBD 
In/JJ this/'' instance/'' ,/VBD industry/VBD observers/JJ say/VBD ,/VBD he/VBZ is/VBD entering/VBD uncharted/VBZ waters/VBD ./'' 
Says/VBD Kathryn/VBD McAuley/VBD ,/VBD an/JJ analyst/VBZ at/WDT First/WDT Manhattan/: Co./JJ :/JJ ``/VBD This/VBZ is/VBZ the/VBZ greatest/VBD acquisition/VBD challenge/VBD he/VBZ has/VBD faced/VBD ./'' 
A/JJ House-Senate/VBD conference/VBD approved/JJ major/'' portions/NNS of/VBZ a/VBD package/VBD for/VBZ more/VBZ than/VBZ $/VBD 500/VBZ million/VBZ in/JJ economic/VBD aid/VBD for/VBD Poland/: that/: relies/: heavily/VBD on/JJ $/JJ 240/VBZ million/VBZ in/JJ credit/JJ and/VBD loan/NNS guarantees/JJ in/JJ fiscal/JJ 1990/JJ in/JJ hopes/JJ of/VBD stimulating/: future/VBZ trade/VBN and/JJ investment/VBD ./'' 
For/TO the/VBZ Agency/VBZ for/VBZ International/JJ Development/JJ ,/VBG appropriators/VBG approved/JJ $/VBG 200/JJ million/VBN in/JJ secondary/VBG loan/VBN guarantees/VB under/VBD an/'' expanded/VBZ trade/VBG credit/JJ insurance/VBD program/VBD ,/VBG and/VBD total/'' loan/NNS guarantees/WDT for/VBZ the/WDT Overseas/WDT Private/VBD Investment/VBD Corp./VBD are/VBD increased/VBD by/JJR $/JJ 40/'' million/VBZ over/'' fiscal/JJ 1989/VBD as/VBD part/VBZ of/VBZ the/UH same/$ Poland/VBD package/VBD ./'' 
The/VBD conference/: approved/JJ at/JJ least/JJ $/JJ 55/VBD million/VBD in/JJ direct/VBD cash/VBD and/VBD development/JJ assistance/JJ as/VBD well/JJ ,/VBG and/VBD though/TO no/TO decision/WDT was/FW made/JJ ,/JJ both/VBD sides/VBZ are/'' committed/: to/: adding/: more/VBZ than/VBZ $/VBD 200/JJ million/VBD in/JJ economic/VBD support/VBD funds/VBZ and/VBD environmental/VBZ initiatives/'' sought/VBZ by/'' the/'' Bush/VBD administration/WDT ./'' 
The/RBR agreement/VBZ on/JJ Poland/'' contrasts/VBZ with/'' the/'' major/$ differences/JJ remaining/'' over/'' the/UH underlying/VBZ foreign/VBD aid/VBD bill/JJ ,/VBD which/VBZ has/JJ already/'' provoked/'' veto/TO threats/VBD by/VBN the/'' White/VBD House/VBD and/VBD is/VBD sharply/VBD confined/VBD under/VBD this/WDT year/VBD 's/JJ budget/NNS ./'' 
These/: fiscal/WDT pressures/VBD are/'' also/JJ a/VBD factor/JJ in/JJ shaping/JJ the/TO Poland/VBD package/VBD ,/VBG and/VBD while/VBZ more/VBD ambitious/VBD authorizing/VBD legislation/VBD is/VBD still/: pending/'' ,/VBD the/TO appropriations/VBD bill/JJ in/JJ conference/JJ will/'' be/JJ more/VBZ decisive/JJR on/JJ U.S./'' aid/'' to/WDT Eastern/WDT Europe/'' ./'' 
To/JJ accommodate/VBD the/VBD additional/VBD cash/VBD assistance/JJ ,/VBG the/TO House/VBD Appropriations/VBG Committee/VBN last/VBZ week/UH was/WDT required/VBD to/: reallocate/VBZ an/VBZ estimated/VBZ $/VBZ 140/VBZ million/VBZ from/UH the/'' Pentagon/VBD ./'' 
And/VBZ though/VBZ the/NNS size/VBD of/VBZ the/UH loan/WDT guarantees/JJ approved/JJ yesterday/DT is/JJ significant/VBZ ,/VBG recent/VBD experience/VBG with/VBD a/VBD similar/VBD program/VBD in/JJ Central/VBD America/WDT indicates/JJ that/JJ it/JJ could/WDT take/JJ several/JJ years/NNS before/NNS the/'' new/'' Polish/'' government/'' can/VBZ fully/VBD use/VBD the/'' aid/'' effectively/VBZ ./'' 
The/VBD action/VBG on/JJ Poland/'' came/VBD as/VBD the/: conference/VBD separately/VBD approved/JJ $/VBD 220/VBD million/VBD for/VBD international/VBD population/VBD planning/: activities/VBD ,/VBG an/VBD 11/VBG %/'' increase/TO over/'' fiscal/'' 1989/VBZ ./VBZ 
The/VBD House/: and/VBD Senate/UH are/'' divided/'' over/'' whether/JJ the/'' United/VBZ Nations/VBZ Population/WDT Fund/'' will/'' receive/WDT any/VBD portion/: of/: these/JJ appropriations/VBZ ,/VBZ but/VBZ the/VBD size/VBD of/VBD the/UH increase/VBD is/VBD itself/'' significant/RB ./RB 
In/JJ a/VBD second/VBD area/VBD of/VBD common/VBZ concern/TO ,/TO the/TO world/VBD environment/: ,/VBD an/VBD additional/VBZ $/VBZ 15/VBZ million/VBD will/VBD be/JJ provided/JJ in/JJ development/JJ assistance/JJ to/: fund/JJ a/JJ series/JJ of/: initiatives/JJ ,/JJ related/JJ both/VBD to/: global/VBD warming/VBD and/VBD the/UH plight/VBZ of/VBZ the/UH African/VBZ elephant/VBD ./'' 
The/RBR sweeping/NNS nature/VBZ of/VBZ the/VBZ bill/JJ draws/VBN a/NNS variety/'' of/VBZ special/: interest/VBD amendments/VBD ,/VBG running/VBD from/EX an/VBD import/VBG exemption/VBD for/VBZ a/VBD California/VBZ airplane/: museum/: to/: a/VBD small/NNS but/VBZ intriguing/VBD struggle/VBD among/VBD sugar/VBD producing/VBD nations/VBD over/'' the/NNS fate/VBD of/: Panama/VBD 's/JJ quota/VBZ of/VBZ exports/WDT to/: the/UH profitable/VBD U.S./UH market/'' ./'' 
Panama/`` was/WDT stripped/WDT of/: this/WDT right/JJ because/: of/: U.S./UH differences/JJ with/'' the/'' Noriega/WDT regime/VBD ,/VBD but/VBZ the/VBD Central/VBD American/VBD country/JJ would/WDT have/JJ received/'' a/VBD quota/VBZ of/VBZ 30,537/'' metric/: tons/'' over/'' a/JJ 21-month/JJ period/JJ ending/VBN Sept./VBD 30/JJ ,/VBG 1990/VBG ./'' 
About/VBD a/NNS quarter/NNS of/VBD this/JJ share/JJ has/VBZ already/'' been/JJR reallocated/VBZ ,/VBG according/'' to/'' the/'' industry/VBD ,/VBZ but/VBZ the/VBZ remaining/VBD 23,403/VBZ tons/'' are/'' still/VBZ a/VBD lucrative/VBG target/JJ for/VBZ growers/VBZ because/`` the/VBD current/VBD U.S./: price/WDT of/VBZ 18/'' cents/VBZ a/VBD pound/VBD runs/VBG as/VBD much/JJ as/JJ a/JJ nickel/JJ a/VBD pound/VBD above/VBD the/TO world/VBZ rate/VBZ ./'' 
The/VBZ potential/VBZ sales/VBZ are/'' nearly/RB $/VBD 9.3/VBG million/VBD ,/VBD and/VBD House/`` Majority/JJR Whip/-RRB- William/: Gray/VBN (/VBD D./VBG ,/VBG Pa/VBG ./WDT )/WDT began/VBD the/VBD bidding/VBD this/WDT year/VBD by/VBN proposing/VBZ language/JJ that/VBD the/: quota/: be/: allocated/VBD to/: English-speaking/VBD countries/VBZ of/VBZ the/UH Caribbean/: ,/VBD such/JJ as/VBD Jamaica/'' and/VBD Barbados/VBZ ./'' 
Rep./JJ Jerry/JJ Lewis/JJ ,/VBG a/VBD conservative/VBD Californian/VBZ ,/VBG added/VBD a/VBD provision/VBD of/VBD his/VBD own/JJ intended/VBZ to/: assist/VBD Bolivia/VBD ,/VBD and/VBD the/UH Senate/VBD then/VBD broadened/VBD the/VBD list/VBD further/VBD by/VBN including/JJ all/VBD countries/NNS in/JJ the/'' U.S./UH Caribbean/VBZ Basin/VBD initiate/VBD as/VBD well/JJ as/JJ the/'' Philippines/VBD -/VBD backed/VBD by/VBN the/VBZ powerful/VBZ Hawaii/VBD Democrat/VBD Sen./VBD Daniel/VBD Inouye/VBD ./'' 
Jamaica/WDT ,/VBZ wary/VBG of/VBZ upsetting/VBZ its/VBN Caribbean/VBD Basin/VBD allies/VBD ,/VBD has/VBD apparently/JJ instructed/JJ its/JJ lobbyist/JJ to/: abandon/UH the/UH provision/VBD initially/MD drafted/'' by/JJR Mr./VBZ Gray/VBN ,/VBG but/VBZ the/VBZ greater/VBZ question/JJ is/VBD whether/JJ Mr./VBZ Inouye/VBD ,/VBD who/VBZ has/VBZ strong/'' ties/VBD to/'' the/UH sugar/VBD industry/VBD ,/VBG is/VBD able/VBZ to/: insert/VBZ a/VBD claim/UH by/JJR the/'' Philippines/VBZ ./'' 
In/JJ separate/VBN floor/: action/VBG ,/VBG the/TO House/VBD waived/WDT budget/NNS restrictions/VBD and/VBD gave/JJ quick/VBZ approval/VBZ to/: $/VBD 3.18/JJ billion/JJ in/JJ supplemental/JJ appropriations/VBZ for/VBZ law/: enforcement/VBD and/VBD anti-drug/VBD programs/VBD in/JJ fiscal/VBD 1990/JJR ./'' 
The/RB funding/WDT is/: attached/: to/: an/VBD estimated/VBZ $/JJ 27.1/VBD billion/VBD transportation/JJ bill/JJ that/VBD goes/VBD next/: to/: the/UH Senate/VBD and/VBD carries/NNS with/VBD it/VBD a/VBD proposed/VBD permanent/JJ smoking/VBD ban/VBD on/JJ virtually/JJ all/TO U.S./UH domestic/VBZ airline/VBZ flights/VBZ ./'' 
The/VBD leadership/VBD hopes/`` to/: move/RB the/'' compromise/: measure/: promptly/: to/: the/'' White/VBD House/JJ ,/VBD but/VBZ in/JJ recent/JJ days/RB ,/VBG the/VBD Senate/VBD has/VBD been/JJ as/JJ likely/VBD to/: bounce/VBZ bills/: back/WDT to/'' the/UH House/-RRB- ./'' 
The/RBR most/RB recent/JJ example/VBZ was/WDT a/NNS nearly/VBZ $/VBD 17.3/VBD billion/VBD fiscal/VBD 1990/JJ bill/JJ funding/JJ the/JJ State/VBG ,/VBG Justice/JJ and/VBD Commerce/TO departments/NNS ./'' 
And/VBZ after/VBZ losing/: a/VBD battle/VBD Tuesday/WDT night/VBZ with/'' the/'' Senate/NNS Foreign/VBZ Relations/VBG Committee/: ,/VBG appropriators/VBD from/EX both/VBD houses/: are/'' expected/VBD to/: be/: forced/: back/WDT to/: conference/: ./'' 
Beauty/RB Takes/VBN Backseat/VBZ To/JJ Safety/WDT on/'' Bridges/'' 
EVERYONE/VBZ AGREES/VBZ that/VBD most/VBZ of/VBZ the/WDT nation/WDT 's/JJ old/JJ bridges/JJ need/VBZ to/: be/: repaired/: or/VBD replaced/VBD ./'' 
But/WDT there/TO 's/JJ disagreement/VBZ over/WDT how/WDT to/: do/: it/VBD ./'' 
Highway/JJ officials/JJ insist/'' the/'' ornamental/VBZ railings/VBZ on/'' older/RB bridges/VBN are/'' n't/VBZ strong/'' enough/VBD to/: prevent/VBZ vehicles/VBP from/UH crashing/'' through/'' ./'' 
But/VBZ other/VBD people/VBZ do/: n't/VBZ want/: to/: lose/JJ the/UH bridges/VBD '/JJ beautiful/VBZ ,/VBD sometimes/JJ historic/'' ,/VBD features/VBZ ./'' 
``/VBD The/VBZ primary/VBG purpose/VBD of/VBZ a/VBD railing/WDT is/WDT to/: contain/`` a/VBD vehicle/VBD and/VBD not/WDT to/: provide/JJ a/VBD scenic/JJ view/VBZ ,/VBG ''/VBZ says/TO Jack/VBG White/VBD ,/VBG a/VBD planner/VBD with/VBD the/VBD Indiana/VBG Highway/JJ Department/TO ./'' 
He/JJ and/JJ others/VBD prefer/'' to/: install/'' railings/WDT such/: as/JJ the/'' ``/VBZ type/VBZ F/VBN safety/VBG shape/VBD ,/VBG ''/VBZ a/VBD four-foot-high/VBZ concrete/VBN slab/VBZ with/VBD no/'' openings/VBZ ./'' 
In/JJ Richmond/VBG ,/VBG Ind./JJ ,/VBG the/VBZ type/VBZ F/VBN railing/VBZ is/VBD being/VBZ used/VBD to/: replace/VBD arched/VBD openings/VBZ on/JJ the/UH G/VBG Street/JJ Bridge/'' ./'' 
Garret/VBZ Boone/VBZ ,/VBD who/VBZ teaches/VBZ art/VBZ at/JJR Earlham/VBZ College/VBZ ,/VBG calls/VBD the/VBZ new/WDT structure/`` ``/VBD just/VBD an/VBD ugly/VBD bridge/VBZ ''/VBZ and/VBD one/JJ that/JJ blocks/VBZ the/VBZ view/VBZ of/VBZ a/VBZ new/WDT park/'' below/WDT ./'' 
In/JJ Hartford/VBG ,/VBG Conn./VBG ,/VBG the/VBZ Charter/VBZ Oak/VBD Bridge/'' will/'' soon/: be/JJ replaced/VBD ,/VBD the/VBZ cast-iron/VBZ medallions/VBZ from/RB its/VBN railings/'' relegated/WDT to/'' a/VBD park/'' ./'' 
Compromises/VBZ are/'' possible/RB ./'' 
Citizens/VBD in/JJ Peninsula/JJ ,/VBG Ohio/TO ,/VBD upset/TO over/'' changes/WDT to/: a/VBD bridge/JJ ,/VBG negotiated/VBG a/VBD deal/VBD :/VBD The/VBD bottom/: half/: of/VBZ the/UH railing/WDT will/'' be/WDT type/VBZ F/VBN ,/VBD while/NNS the/VBD top/VBD half/: will/'' have/JJ the/VBD old/VBD bridge/JJ 's/JJ floral/VBG pattern/VBD ./TO 
Similarly/VBD ,/VBG highway/: engineers/VBD agreed/: to/: keep/VBZ the/VBZ old/VBD railings/VBZ on/JJ the/NNS Key/VBG Bridge/VBD in/JJ Washington/NNS ,/VBG D.C./VBD ,/VBG as/VBD long/: as/VBD they/VBD could/DT install/'' a/VBD crash/JJ barrier/'' between/'' the/'' sidewalk/NNS and/VBD the/UH road/WDT ./'' 
Tray/VBZ Bon/VBN ?/-RRB- 
Drink/VBZ Carrier/VBZ Competes/VBZ With/VBZ Cartons/VBZ 
PORTING/VBZ POTABLES/RB just/RB got/VBG easier/VBD ,/VBD or/'' so/VBZ claims/VBZ Scypher/VBZ Corp./VBD ,/VBD the/VBD maker/VBD of/VBZ the/UH Cup-Tote/WDT ./'' 
The/VBD Chicago/VBD company/VBD 's/VBD beverage/WDT carrier/: ,/: meant/VBD to/: replace/VBN cardboard/VBZ trays/VBZ at/WDT concession/VBN stands/VBN and/JJ fast-food/JJ outlets/JJ ,/VBG resembles/VBD the/VBZ plastic/VBN loops/VBZ used/VBD on/JJ six-packs/JJ of/VBZ beer/VBN ,/VBZ only/VBZ the/'' loops/'' hang/'' from/UH a/NNS web/VBD of/: strings/JJ ./'' 
The/VBZ new/WDT carrier/UH can/UH tote/: as/VBD many/JJ as/VBD four/VBG cups/VBD at/JJ once/VBD ./'' 
Inventor/VBZ Claire/WDT Marvin/: says/VBD his/VBD design/VBD virtually/VBD eliminates/'' spilling/VBZ ./'' 
Lids/VBZ are/'' n't/VBZ even/VBZ needed/VBZ ./'' 
He/'' also/JJ claims/'' the/'' carrier/: costs/DT less/VBD and/VBD takes/VBD up/JJ less/VBD space/VBZ than/VBD most/VBD paper/JJ carriers/DT ./'' 
A/JJ few/JJ fast-food/JJ outlets/JJ are/'' giving/VBD it/JJ a/JJ try/`` ./VBZ 
The/VBZ company/VBZ acknowledges/EX some/VBD problems/VBD ./'' 
A/JJ driver/WDT has/: to/: find/: something/: to/: hang/TO the/UH carrier/: on/JJ ,/JJ so/VBZ the/UH company/VBZ supplies/VBG a/VBD window/VBZ hook/VBZ ./VBZ 
While/VBG it/VBD breaks/VBD down/NNS in/JJ prolonged/TO sunlight/VBD ,/VBG it/VBD is/VBZ n't/VBZ recyclable/VBZ ./'' 
And/VBZ unlike/VBD some/'' trays/VBD ,/VBD there/VBD 's/JJ no/VBD place/JJ for/VBZ food/VBG ./'' 
Spirit/VBD of/VBZ Perestroika/WDT Touches/WDT Design/WDT World/: 
AN/VBZ EXCHANGE/VBZ of/: U.S./JJ and/JJ Soviet/VBD designers/: promises/: change/VBD on/JJ both/WDT sides/VBZ ./'' 
An/VBD exhibition/VBD of/VBD American/VBD design/JJ and/JJ architecture/VBZ opened/JJ in/JJ September/UH in/JJ Moscow/JJ and/VBD will/'' travel/TO to/: eight/VBD other/VBD Soviet/RB cities/WDT ./'' 
The/RB show/WDT runs/VBN the/UH gamut/VBZ ,/VBG from/UH a/NNS blender/WDT to/: chairs/VBD to/: a/VBD model/VBD of/VBZ the/UH Citicorp/VBZ building/UH ./'' 
The/RB event/UH continues/VBD into/VBD next/: year/VBD and/VBD includes/VBD an/JJ exchange/WDT program/: to/: swap/: design/JJ teachers/VBD at/JJR Carnegie-Mellon/JJ and/VBD Leningrad/VBD 's/JJ Mutchin/VBZ Institute/VBD ./'' 
Dan/VBZ Droz/VBZ ,/VBD leader/VBD of/VBZ the/UH Carnegie-Mellon/: group/VBZ ,/VBG sees/'' benefits/'' all/VBD around/VBD ./'' 
The/VBD Soviets/: ,/VBD who/VBZ normally/VBD have/VBD few/JJ clients/JJ other/VBD than/'' the/WDT state/VBD ,/VBD will/VBD get/VBD ``/: exposure/'' to/: a/VBD market/JJ system/JJ ,/VBG ''/VBZ he/VBZ says/VBD ./'' 
Americans/: will/VBD learn/VBD more/VBD about/VBD making/VBD products/VBD for/VBZ the/VBZ Soviets/VBZ ./WDT 
Mr./UH Droz/WDT says/TO the/TO Soviets/VBZ could/WDT even/WDT help/VBD U.S./: designers/WDT renew/VBZ their/VBD sense/: of/VBZ purpose/'' ./'' 
``/VBD In/JJ Moscow/JJ ,/VBG they/VBD kept/JJ asking/JJ us/TO things/TO like/JJ ,/VBG `/UH Why/NNS do/VBD you/VBG make/VBD 15/VBG different/VBD corkscrews/VBZ ,/VBD when/JJ all/VBD you/VBD need/VBZ is/VBD one/WDT good/: one/WDT ?/JJR '/JJ ''/VBG he/VBZ says/TO ./VBZ 
``/RB They/RB got/VBD us/'' thinking/VBZ maybe/VBD we/VBD should/VBD be/: helping/: U.S./JJ companies/JJ improve/JJ existing/VBG products/VBD rather/VBD than/VBD always/VBD developing/VBD new/'' ones/VBZ ./VBZ ''/VBZ 
Seed/VBZ for/VBZ Jail/VBZ Solution/VBZ Fails/'' to/'' Take/'' Root/VBZ 
IT/VBD 'S/VBD A/JJ TWO/DT BIRDS/VBZ with/VBD one/WDT stone/NNS deal/VBD :/'' Eggers/VBZ Group/VBZ architects/NNS propose/VBZ using/'' grain/JJR elevators/'' to/: house/VBZ prisoners/'' ./'' 
It/DT would/TO ease/VBD jail/NNS overcrowding/VBD while/'' preserving/'' historic/'' structures/VBD ,/VBG the/UH company/VBZ says/TO ./VBZ 
But/WDT New/WDT York/VBD state/`` ,/VBD which/VBZ is/RB seeking/VBZ solutions/WDT to/: its/VBN prison/WDT cell/JJ shortage/VBD ,/JJ says/VBD ``/VBD no/VBZ ./VBZ ''/VBZ 
Grain/'' elevators/'' built/VBD in/JJ the/JJ 1920s/VBD and/VBD '30s/VBD have/`` six-inch/VBZ concrete/VBN walls/VBG and/JJ a/JJ tubular/JJ shape/VBD that/VBD would/'' easily/'' contain/WDT semicircular/WDT cells/DT with/'' a/VBD control/VBZ point/NNS in/JJ the/NNS middle/VBD ,/VBG the/TO New/: York/VBD firm/UH says/TO ./'' 
Many/VBZ are/'' far/VBD enough/: from/UH residential/: areas/WDT to/: pass/RB public/WDT muster/JJ ,/VBG yet/RB close/VBG enough/: to/: permit/: family/'' visits/'' ./'' 
Besides/TO ,/VBG Eggers/VBZ says/TO ,/VBZ grain/JJR elevators/'' are/'' worth/VBD preserving/VBD for/VBZ aesthetic/VBD reasons/: --/DT one/WDT famed/VBD architect/NNS compared/VBD them/VBZ to/: the/VBD pyramids/VBD of/VBZ Egypt/VBZ ./'' 
A/VBN number/JJR of/VBZ cities/FW --/VBD including/VBD Minneapolis/VBD ,/VBG Philadelphia/VBD and/VBD Houston/VBD --/VBD have/: vacant/JJ grain/JJR elevators/'' ,/VBG Eggers/VBZ says/TO ./'' 
A/JJ medium-sized/VBD one/JJ in/JJ Brooklyn/JJ ,/JJ it/JJ says/VBD ,/VBG could/JJ be/: altered/: to/: house/VBZ up/JJ to/UH 1,000/RB inmates/NNS at/JJR a/NNS lower/VBZ cost/VBZ than/VBZ building/VBZ a/VBD new/WDT prison/WDT in/JJ upstate/: New/JJ York/VBD ./'' 
A/JJ spokesman/VBZ for/VBZ the/VBZ state/VBD ,/VBD however/VBG ,/VBG calls/VBD the/TO idea/WDT ``/: not/'' effective/'' or/'' cost/VBD efficient/'' ./'' 
The/VBD Labor/: Department/VBG cited/NNS USX/VBD Corp./VBD for/VBZ numerous/VBZ health/VBD and/VBD safety/VBD violations/VBD at/VBD two/VBZ Pennsylvania/VBD plants/JJ ,/VBD and/VBD proposed/VBD $/VBZ 7.3/VBG million/VBZ in/JJ fines/'' ,/VBD the/TO largest/VBD penalty/VBD ever/VBD proposed/VBD for/VBZ alleged/VBD workplace/JJ violations/VBD by/VBD an/VBD employer/-RRB- ./VBZ 
The/VBZ department/VBG 's/VBD Occupational/VBD Safety/VBD and/VBD Health/VBD Administration/VBD proposed/VBD fines/VBZ of/VBZ $/VBZ 6.1/VBZ million/VBZ for/VBZ alleged/VBD violations/VBD at/'' the/'' company/VBZ 's/VBD Fairless/VBZ Hills/VBD ,/VBD Pa./VBD ,/VBG steel/VBZ mill/RB ;/VBG that/VBG was/FW a/VBD record/VBD for/VBZ proposed/VBD penalties/VBZ at/JJR any/VBD single/VBD facility/VBD ./'' 
OSHA/VBZ cited/VBD nearly/VBZ 1,500/VBD alleged/VBD violations/VBD of/VBD federal/: electrical/WDT ,/VBG crane-safety/VBZ ,/VBG record-keeping/VBD and/VBD other/VBD requirements/VBD ./'' 
A/JJ second/JJ citation/VBD covering/VBZ the/TO company/VBZ 's/VBD Clairton/VBZ ,/VBD Pa./JJR ,/VBG coke/VBZ works/VBZ involved/VBZ more/VBZ than/VBZ 200/VBD alleged/VBD violations/VBD of/VBD electrical-safety/VBZ and/VBD other/VBD requirements/VBD ,/VBD for/VBZ which/VBZ OSHA/VBZ proposed/: $/: 1.2/: million/VBZ in/JJ fines/'' ./'' 
Labor/VBD Secretary/VBD Elizabeth/VBD Dole/VBD said/VBG ,/VBG ``/VBD The/VBD magnitude/VBD of/VBZ these/JJ penalties/JJ and/JJ citations/VBD is/VBZ matched/VBZ only/VBZ by/'' the/TO magnitude/VBD of/VBZ the/'' hazards/WDT to/: workers/VBD which/VBD resulted/VBD from/UH corporate/JJ indifference/JJ to/: worker/VBN safety/VBD and/JJ health/VBD ,/VBG and/VBD severe/JJ cutbacks/VBD in/JJ the/VBD maintenance/VBD and/VBD repair/VBZ programs/VBD needed/VBZ to/: remove/: those/UH hazards/UH ./'' ''/VBZ 
OSHA/VBZ said/VBD there/TO have/VBD been/VBZ three/VBZ worker/NNS fatalities/VBD at/'' the/'' two/VBZ plants/VBZ in/JJ the/VBZ past/VBZ two/VBZ years/VBD and/VBD 17/VBD deaths/: since/JJ 1972/'' ./'' 
Gerard/TO Scannell/VBZ ,/VBD the/VBZ head/VBZ of/VBZ OSHA/VBZ ,/VBG said/VBD USX/VBD managers/VBD have/JJ known/JJ about/VBD many/JJ of/VBD the/VBD safety/VBD and/VBD health/VBZ deficiencies/TO at/WDT the/NNS plants/VBZ for/VBZ years/VBZ ,/VBD ``/VBD yet/VBD have/VBD failed/VBG to/: take/JJ necessary/JJ action/VBG to/'' counteract/UH the/UH hazards/UH ./'' ''/VBZ 
``/: Particularly/'' flagrant/VBZ ,/VBG ''/VBZ Mrs./VBD Dole/VBD said/VBD ,/VBG ``/VBD are/'' the/VBD company/VBZ 's/VBD numerous/VBZ failures/: to/: properly/VBD record/VBD injuries/VBD at/JJR its/VBN Fairless/WDT works/WDT ,/VBG in/JJ spite/VBD of/VBD the/VBD firm/: promise/JJ it/JJ had/JJ made/JJ in/JJ an/'' earlier/VBZ corporate-wide/VBZ settlement/NNS agreement/VBZ to/: correct/: such/: discrepancies/VBZ ./'' ''/VBZ 
That/VBZ settlement/NNS was/NNS in/JJ April/VBD 1987/VBZ ./'' 
A/JJ USX/JJ spokesman/VBZ said/VBD the/'' company/VBZ had/: n't/VBZ yet/VBZ received/VBZ any/VBD documents/RB from/UH OSHA/VBZ regarding/'' the/'' penalty/'' or/'' fine/VBZ ./'' 
``/RB Once/VBZ we/VBD do/VBG ,/VBG they/VBG will/'' receive/WDT very/VBD serious/VBD evaluation/JJ ,/VBG ''/VBZ the/TO spokesman/VBZ said/VBD ./'' 
``/VBD No/VBD consideration/VBD is/VBD more/VBD important/VBD than/VBZ the/VBD health/VBD and/VBD safety/VBD of/VBD our/UH employees/VBD ./VBZ ''/VBZ 
USX/JJ said/JJ it/JJ has/RP been/NNS cooperating/VBZ with/VBD OSHA/VBD since/VBD the/VBD agency/: began/: investigating/VBD the/VBZ Clairton/VBZ and/VBD Fairless/VBZ works/'' ./'' 
He/'' said/JJ that/VBD ,/VBG if/NNS and/VBD when/JJ safety/VBG problems/VBD were/VBG identified/JJ ,/VBG they/VBG were/NNS corrected/VBZ ./'' 
The/VBD USX/JJ citations/VBZ represented/VBZ the/VBZ first/VBD sizable/VBD enforcement/'' action/VBG taken/: by/JJR OSHA/VBZ under/VBZ Mr./VBZ Scannell/VBZ ./'' 
He/JJ has/VBZ promised/VBZ stiffer/VBD fines/'' ,/VBG though/NNS the/NNS size/VBD of/VBZ penalties/VBZ sought/VBD by/VBN OSHA/VBZ have/: been/JJ rising/VBD in/JJ recent/JJ years/VBG even/VBZ before/VBD he/VBZ took/: office/VBD this/VBZ year/VBD ./'' 
``/VBD The/VBD big/VBZ problem/VBD is/VBD that/VBD USX/JJ management/VBD has/VBD proved/VBZ unwilling/: to/: devote/JJ the/UH necessary/VBD resources/: and/VBD manpower/VBZ to/: removing/RB hazards/WDT and/VBD to/: safeguarding/VBZ safety/VBD and/VBD health/VBD in/JJ the/UH plants/VBZ ,/VBG ''/VBZ said/VBG Linda/'' Anku/VBZ ,/VBZ OSHA/VBZ regional/VBZ administrator/VBZ in/VBZ Philadelphia/VBZ ./VBZ 
USX/JJ has/: 15/: working/: days/: to/: contest/VBZ the/VBD citations/VBD and/VBD proposed/VBD penalties/VBG ,/VBG before/VBD the/TO independent/VBD Occupational/VBD Safety/VBD and/VBD Health/VBZ Review/VBZ Commission/VBD ./'' 
Before/JJ the/JJ USX/JJ case/VBD ,/VBD OSHA/VBD 's/VBD largest/VBD proposed/VBD fine/VBZ for/VBZ one/WDT employer/VBP was/NNS $/VBZ 4.3/VBZ million/VBZ for/VBZ alleged/VBD safety/VBD violations/VBD at/'' John/RB Morrell/VBZ &/: Co./: ,/VBG a/VBD meatpacking/VBZ subsidiary/VBD of/VBZ United/VBZ Brands/WDT Co./JJ ,/VBD Cincinnati/VBD ./'' 
The/RBR company/VBZ is/VBZ contesting/'' the/'' fine/VBZ ./'' 
Due/: to/: an/: editing/VBZ error/WDT ,/VBG a/NNS letter/NNS to/: the/VBD editor/VBD in/JJ yesterday/DT 's/'' edition/UH from/UH Frederick/VBD H./WDT Hallett/VBD mistakenly/: identified/'' the/'' NRDC/VBZ ./'' 
It/DT should/VBD be/WDT the/VBP Natural/WDT Resources/'' Defense/TO Council/WDT ./'' 
Your/VBZ Oct./: 6/VBZ editorial/'' ``/VBD The/VBZ Ill/: Homeless/VBZ ''/VBZ referred/: to/: research/: by/JJR us/'' and/VBD six/VBD of/VBD our/VBZ colleagues/VBZ that/VBZ was/WDT reported/VBZ in/JJ the/VBD Sept./VBD 8/: issue/'' of/VBZ the/'' Journal/: of/VBD the/UH American/VBZ Medical/'' Association/JJ ./'' 
Your/WDT comments/JJR implied/JJ we/WDT had/: discovered/: that/VBD the/VBZ ``/RB principal/VBG cause/'' ''/VBZ of/VBZ homelessness/WDT is/: to/: be/JJ found/JJ in/JJ the/UH large/VBD numbers/'' of/: mentally/'' ill/VBD and/VBD substance-abusing/VBZ people/VBZ in/JJ the/UH homeless/VBD population/VBD ./'' 
We/JJ have/JJ made/JJ no/DT such/JJ statement/JJ ./'' 
It/DT is/VBD clear/VBZ that/VBD most/VBD mentally/JJ ill/VBD people/VBZ and/VBD most/RB alcoholics/JJ do/VBG not/VBG become/'' homeless/VBZ ./'' 
The/VBZ ``/: causes/VBZ ''/VBZ of/VBZ homelessness/VBZ are/'' poorly/VBD understood/VBD and/VBD complex/JJ in/JJ any/JJ individual/'' case/'' ./'' 
In/JJ quoting/DT from/TO our/: research/VBD you/VBZ emphasized/TO the/UH high/: prevalance/: of/: mental/: illness/VBD and/VBD alcoholism/JJ ./'' 
You/POS did/VBD not/VBG note/'' that/VBD the/VBZ homeless/VBZ people/VBZ we/VBD examined/VBZ had/WDT a/VBD multitude/VBD of/VBD physical/JJ disorders/VBZ in/JJ addition/: to/: their/JJ psychiatric/JJ problems/VBD and/VBD substance/VBD abuse/'' ./'' 
They/WDT suffered/WDT from/UH malnutrition/VBZ ,/VBG chest/: diseases/VBD ,/VBG cardiovascular/NNS disorders/VBD ,/VBG skin/VBD problems/VBD ,/VBD infectious/VBD diseases/VBD and/VBD the/UH aftereffects/VBD of/VBZ assaults/'' and/VBD rape/VBD ./'' 
Homeless/VBZ people/VBZ not/VBZ only/VBZ lack/VBZ safety/VBD ,/VBG privacy/VBD and/VBD shelter/VBD ,/VBG they/VBD also/JJ lack/VBZ the/VBZ elementary/JJR necessities/'' of/VBZ nutrition/: ,/VBG cleanliness/VBZ and/VBD basic/: health/: care/VBG ./'' 
In/JJ a/VBD recent/JJ report/VBD ,/VBD the/VBD Institute/VBD of/VBZ Medicine/NNS pointed/VBZ out/JJ that/VBD certain/VBZ health/VBZ problems/VBZ may/RB predispose/VBZ a/VBD person/JJ to/: homelessness/VBZ ,/VBG others/VBG may/: be/DT a/VBD consequence/JJ of/VBD it/JJ ,/VBG and/VBD a/VBD third/VBD category/VBD is/VBD composed/: of/: disorders/VB whose/VBZ treatment/VBZ is/VBD difficult/: or/VBD impossible/VBD if/NNS a/NNS person/JJR lacks/VBN adequate/TO shelter/TO ./'' 
The/VBZ interactions/VBZ between/-RRB- health/VBZ and/VBD homelessness/VBZ are/'' complex/: ,/VBG defying/VBZ sweeping/VBD generalizations/: as/VBD to/: ``/: cause/'' ''/VBZ or/'' ``/VBZ effect/VBD ./VBZ ''/VBZ 
If/VBD we/VBD look/JJ to/: the/VBD future/VBZ ,/VBD preventing/VBD homelessness/VBZ is/VBD an/VBD important/VBD objective/VBZ ./'' 
This/`` will/VBD require/VBD us/WDT to/: develop/VBD a/NNS much/JJ more/VBD sophisticated/VBD understanding/VBD of/VBD the/VBD dynamics/VBD of/VBZ homelessness/VBZ than/VBZ we/VBD currently/JJ possess/VBD ,/VBG an/VBD understanding/VBG that/VBD can/VBD be/TO developed/VBZ only/VBZ through/VBD careful/JJ study/JJ and/VBD research/JJ ./'' 
William/TO R./VBZ Breakey/VBZ M.D./VBZ Pamela/RB J./VBZ Fischer/VBZ M.D./VBZ Department/VBD of/VBD Psychiatry/JJ Johns/VBD Hopkins/VBZ University/VBZ School/VBD of/VBD Medicine/UH Baltimore/VBD 
A/JJ study/JJ by/JJR Tulane/VBZ Prof./RB James/: Wright/`` says/VBG homelessness/VBZ is/VBD due/VBD to/: a/VBD complex/VBD array/VBG of/VBZ problems/VBZ ,/VBG with/VBD the/'' common/VBZ thread/VBZ of/VBZ poverty/VBZ ./'' 
The/VBD study/: shows/JJR that/VBD nearly/VBZ 40/VBD %/VBZ of/VBZ the/UH homeless/VBD population/VBD is/VBD made/JJ up/JJ of/VBZ women/VBZ and/VBD children/VBZ and/VBD that/VBD only/VBZ 25/VBZ %/VBZ of/VBZ the/UH homeless/VBD exhibits/VBD some/'' combination/WDT of/: drug/: ,/VBD alcohol/VBD and/VBD mental/VBD problems/VBD ./'' 
According/: to/: Dr./VBD Wright/VBD ,/VBG homelessness/VBZ is/VBZ ``/VBD simultaneously/VBD a/VBD housing/VBD problem/VBD ,/VBD an/VBD employment/NNS problem/VBZ ,/VBG a/VBD demographic/VBD problem/VBD ,/VBG a/VBD problem/VBD of/VBZ social/VBZ disaffiliation/VBZ ,/VBG a/VBD mental/VBD health/VBD problem/VBZ ,/VBG a/VBD family/JJ violence/JJ problem/VBD ,/VBG a/VBD problem/VBD created/VBD by/VBN the/VBD cutbacks/VBD in/JJ social/VBD welfare/VBD spending/VBD ,/VBG a/NNS problem/VBZ resulting/'' from/UH the/VBD decay/VBD of/VBZ the/TO traditional/JJ nuclear/JJ family/JJ ,/VBG and/VBD a/VBD problem/VBZ intimately/VBZ connected/VBZ to/: the/UH recent/JJ increase/VBD in/JJ the/NNS number/VBZ of/VBD persons/JJ living/JJ below/TO the/VBZ poverty/VBG level/WDT ./'' ''/VBZ 
Leighton/VBZ E./VBZ Cluff/VBZ M.D./VBD President/: Robert/VBD Wood/JJ Johnson/JJ Foundation/JJ Princeton/JJ ,/VBG N.J/VBG ./VBZ 
To/JJ quote/VBD the/TO highly/VBD regarded/VBD director/VBD of/VBZ a/VBD privately/VBD funded/VBZ drop-in/VBZ center/VBD for/VBZ the/VBZ homeless/VBD in/JJ New/JJ York/VBD :/VBD ``/VBD If/VBD you/VBG 're/VBG homeless/VBD ,/VBG you/VBG do/VBG n't/VBZ sleep/VBD for/VBZ fear/VBD of/VBD being/'' robbed/'' or/'' murdered/VBZ ./'' 
After/VBD your/VBD first/VBD three/VBD weeks/VBD of/VBD sleep/VBD deprivation/VBZ ,/VBG you/VBG 're/VBD scarcely/VBD in/JJ touch/VBG with/VBD reality/VBD any/JJ more/VBD ;/VBG without/VBZ psychiatric/VBD treatment/VBZ ,/VBG you/VBG may/VBD well/JJ be/JJ unable/VBZ to/: fend/VBD for/VBZ yourself/VBZ ever/JJR again/RB ./VBZ ''/VBZ 
Some/VBZ of/VBZ the/UH homeless/VBZ ,/VBG obviously/VBG ,/VBG had/: pre-existing/VBZ mental/VBD illness/VBD or/VBD addiction/VBD ./'' 
But/WDT many/JJ others/VBD have/JJ fallen/JJ through/VBD cracks/JJ in/JJ the/NNS economy/JJ into/VBG the/WDT grim/NNS ,/VBG brutal/VBZ world/VBZ of/VBZ our/UH city/VBZ streets/RB ./VBZ 
Once/WDT there/: ,/VBD what/VBD ways/JJ of/VBZ escape/'' are/'' open/WDT to/: them/VBD other/VBD than/VBZ drink/'' ,/VBZ drugs/VBZ or/VBZ insanity/VBZ ?/-RRB- 
Maxwell/VBZ R.D./VBZ Vos/WDT Brooklyn/WDT ,/VBG N.Y/NNS ./NNS 
You/VBG dismiss/VBD as/JJ ``/VBD sentimental/VBZ ''/VBZ the/TO view/VBZ that/VBD the/VBD reduction/VBD of/VBZ federal/: housing-assistance/VBZ programs/VBD by/VBD 77/: %/: might/JJ have/JJ played/JJ a/JJ significant/VBZ role/VBD in/JJ the/VBD increased/VBD number/VBZ of/VBZ men/VBZ and/VBD women/VBZ sleeping/VBZ on/JJ our/UH city/VBZ streets/TO during/TO the/VBZ Reagan-Bush/VBG years/VBG ./'' 
There/JJ is/VBD no/DT sign/JJ that/VBD you/VBG bothered/: to/: consider/'' the/UH inverse/VBG of/VBZ your/VBD logic/VBD :/VBD namely/VBD ,/VBG that/VBD mental/VBD illness/VBD and/VBD substance/VBD abuse/'' might/JJ be/: to/: some/DT degree/VBN consequences/VBG rather/VBD than/VBZ causes/VBZ of/VBZ homelessness/VBZ ./'' 
Your/VB research/VBG stopped/VBZ when/JJ a/VBD convenient/JJ assertion/JJ could/JJ be/JJ made/'' ./'' 
Robert/VBZ S./VBD Jenkins/: Cambridge/JJ ,/VBG Mass/VBG ./'' 
Of/'' the/'' approximately/VBD 200/JJ sponsors/VBD of/VBD the/TO recent/JJ march/VBD in/JJ Washington/NNS for/VBZ the/VBZ homeless/VBZ ,/VBG you/VBG chose/VBD to/: cite/VBD such/JJ groups/VBD as/VBD the/UH National/VBD Association/VBD of/VBD Home/VBD Builders/DT and/VBD the/TO International/JJR Union/VBZ of/VBZ Bricklayers/VBZ and/VBD Allied/VBZ Craftsmen/VBZ ,/VBZ insinuating/VBZ that/VBD the/VBZ march/VBN got/VBD its/'' major/'' support/UH from/UH self-serving/VBD groups/VBD that/VBD ``/VBZ know/VBZ a/VBD good/VBZ thing/VBZ when/JJ they/JJ see/DT it/JJ ,/VBG ''/VBZ and/VBD that/VBD the/VBZ crusade/WDT was/WDT based/WDT on/JJ greed/VBZ or/'' the/'' profit/VBZ motive/VBZ ./'' 
